
*** Running vivado
    with args -log clk_wiz_0.vds -m64 -product Vivado -mode batch -messageDb vivado.pb -notrace -source clk_wiz_0.tcl

awk: symbol lookup error: awk: undefined symbol: mpfr_z_sub

****** Vivado v2016.4 (64-bit)
  **** SW Build 1756540 on Mon Jan 23 19:11:19 MST 2017
  **** IP Build 1755317 on Mon Jan 23 20:30:07 MST 2017
    ** Copyright 1986-2016 Xilinx, Inc. All Rights Reserved.

source clk_wiz_0.tcl -notrace
awk: symbol lookup error: awk: undefined symbol: mpfr_z_sub
Starting RTL Elaboration : Time (s): cpu = 00:00:08 ; elapsed = 00:00:09 . Memory (MB): peak = 1343.277 ; gain = 405.902 ; free physical = 4736 ; free virtual = 60325
INFO: [Synth 8-638] synthesizing module 'clk_wiz_0' [/home/yang/vcu118/vcu118.srcs/sources_1/ip/clk_wiz_0_1/clk_wiz_0.v:76]
INFO: [Synth 8-638] synthesizing module 'clk_wiz_0_clk_wiz' [/home/yang/vcu118/vcu118.srcs/sources_1/ip/clk_wiz_0_1/clk_wiz_0_clk_wiz.v:74]
INFO: [Synth 8-638] synthesizing module 'IBUF' [/home/yang/Application/Vivado/2016.4/scripts/rt/data/unisim_comp.v:14146]
INFO: [Synth 8-256] done synthesizing module 'IBUF' (1#1) [/home/yang/Application/Vivado/2016.4/scripts/rt/data/unisim_comp.v:14146]
INFO: [Synth 8-638] synthesizing module 'MMCME4_ADV' [/home/yang/Application/Vivado/2016.4/scripts/rt/data/unisim_comp.v:20807]
INFO: [Synth 8-256] done synthesizing module 'MMCME4_ADV' (2#1) [/home/yang/Application/Vivado/2016.4/scripts/rt/data/unisim_comp.v:20807]
INFO: [Synth 8-638] synthesizing module 'BUFG' [/home/yang/Application/Vivado/2016.4/scripts/rt/data/unisim_comp.v:607]
INFO: [Synth 8-256] done synthesizing module 'BUFG' (3#1) [/home/yang/Application/Vivado/2016.4/scripts/rt/data/unisim_comp.v:607]
INFO: [Synth 8-256] done synthesizing module 'clk_wiz_0_clk_wiz' (4#1) [/home/yang/vcu118/vcu118.srcs/sources_1/ip/clk_wiz_0_1/clk_wiz_0_clk_wiz.v:74]
INFO: [Synth 8-256] done synthesizing module 'clk_wiz_0' (5#1) [/home/yang/vcu118/vcu118.srcs/sources_1/ip/clk_wiz_0_1/clk_wiz_0.v:76]
Finished RTL Elaboration : Time (s): cpu = 00:00:09 ; elapsed = 00:00:09 . Memory (MB): peak = 1383.746 ; gain = 446.371 ; free physical = 4694 ; free virtual = 60283
Finished RTL Optimization Phase 1 : Time (s): cpu = 00:00:09 ; elapsed = 00:00:09 . Memory (MB): peak = 1383.746 ; gain = 446.371 ; free physical = 4694 ; free virtual = 60283
INFO: [Device 21-403] Loading part xcvu9p-flga2104-2L-e-es1
Constraint Validation Runtime : Time (s): cpu = 00:00:00.01 ; elapsed = 00:00:00 . Memory (MB): peak = 2266.238 ; gain = 1.000 ; free physical = 3912 ; free virtual = 59501
Finished Constraint Validation : Time (s): cpu = 00:00:23 ; elapsed = 00:00:24 . Memory (MB): peak = 2266.238 ; gain = 1328.863 ; free physical = 3911 ; free virtual = 59500
Finished Loading Part and Timing Information : Time (s): cpu = 00:00:23 ; elapsed = 00:00:24 . Memory (MB): peak = 2266.238 ; gain = 1328.863 ; free physical = 3911 ; free virtual = 59500
Finished applying 'set_property' XDC Constraints : Time (s): cpu = 00:00:23 ; elapsed = 00:00:24 . Memory (MB): peak = 2266.238 ; gain = 1328.863 ; free physical = 3911 ; free virtual = 59500
Finished RTL Optimization Phase 2 : Time (s): cpu = 00:00:23 ; elapsed = 00:00:24 . Memory (MB): peak = 2266.238 ; gain = 1328.863 ; free physical = 3911 ; free virtual = 59500
Finished Cross Boundary and Area Optimization : Time (s): cpu = 00:00:23 ; elapsed = 00:00:24 . Memory (MB): peak = 2266.238 ; gain = 1328.863 ; free physical = 3911 ; free virtual = 59500
Finished Applying XDC Timing Constraints : Time (s): cpu = 00:00:32 ; elapsed = 00:00:33 . Memory (MB): peak = 2527.395 ; gain = 1590.020 ; free physical = 3580 ; free virtual = 59170
Finished Timing Optimization : Time (s): cpu = 00:00:32 ; elapsed = 00:00:33 . Memory (MB): peak = 2527.395 ; gain = 1590.020 ; free physical = 3580 ; free virtual = 59170
Finished Technology Mapping : Time (s): cpu = 00:00:32 ; elapsed = 00:00:33 . Memory (MB): peak = 2537.410 ; gain = 1600.035 ; free physical = 3572 ; free virtual = 59161
Finished IO Insertion : Time (s): cpu = 00:00:32 ; elapsed = 00:00:33 . Memory (MB): peak = 2537.410 ; gain = 1600.035 ; free physical = 3572 ; free virtual = 59161
Finished Renaming Generated Instances : Time (s): cpu = 00:00:32 ; elapsed = 00:00:33 . Memory (MB): peak = 2537.410 ; gain = 1600.035 ; free physical = 3572 ; free virtual = 59161
Finished Rebuilding User Hierarchy : Time (s): cpu = 00:00:32 ; elapsed = 00:00:33 . Memory (MB): peak = 2537.410 ; gain = 1600.035 ; free physical = 3572 ; free virtual = 59161
Finished Renaming Generated Ports : Time (s): cpu = 00:00:32 ; elapsed = 00:00:33 . Memory (MB): peak = 2537.410 ; gain = 1600.035 ; free physical = 3572 ; free virtual = 59161
Finished Handling Custom Attributes : Time (s): cpu = 00:00:32 ; elapsed = 00:00:33 . Memory (MB): peak = 2537.410 ; gain = 1600.035 ; free physical = 3572 ; free virtual = 59161
Finished Renaming Generated Nets : Time (s): cpu = 00:00:32 ; elapsed = 00:00:33 . Memory (MB): peak = 2537.410 ; gain = 1600.035 ; free physical = 3572 ; free virtual = 59161

Report Cell Usage: 
+------+-----------+------+
|      |Cell       |Count |
+------+-----------+------+
|1     |BUFG       |     8|
|2     |MMCME4_ADV |     1|
|3     |IBUF       |     1|
+------+-----------+------+
Finished Writing Synthesis Report : Time (s): cpu = 00:00:32 ; elapsed = 00:00:33 . Memory (MB): peak = 2537.410 ; gain = 1600.035 ; free physical = 3572 ; free virtual = 59161
synth_design: Time (s): cpu = 00:00:32 ; elapsed = 00:00:33 . Memory (MB): peak = 2759.266 ; gain = 1541.418 ; free physical = 3412 ; free virtual = 59001
